SF:lib\src\models\message.dart
DA:4,0
DA:11,1
DA:18,2
DA:19,1
DA:20,1
DA:21,1
DA:22,1
DA:25,0
DA:26,0
DA:27,0
DA:28,0
DA:29,0
DA:30,0
DA:33,0
LF:14
LH:6
end_of_record
SF:lib\src\models\user.dart
DA:4,2
DA:11,1
DA:17,0
DA:18,0
DA:19,0
DA:20,0
DA:21,0
DA:24,1
DA:25,1
DA:26,1
DA:27,1
DA:28,1
DA:29,1
DA:30,2
LF:14
LH:9
end_of_record
SF:lib\src\services\message\message_service_impl.dart
DA:15,1
DA:17,1
DA:19,1
DA:20,2
DA:23,0
DA:25,0
DA:26,0
DA:30,1
DA:31,7
DA:32,2
DA:35,0
DA:36,0
DA:37,0
DA:38,0
DA:39,0
DA:40,0
DA:41,0
DA:42,0
DA:43,0
DA:44,0
DA:45,0
DA:47,0
DA:48,0
DA:49,0
DA:50,0
DA:54,0
DA:55,0
DA:58,0
DA:59,0
DA:60,0
DA:61,0
DA:62,0
DA:63,0
LF:33
LH:7
end_of_record
